Flutter crash report; please file at https://github.com/flutter/flutter/issues.

## command

flutter packages get

## exception

YamlException: Error on line 73, column 32: Mapping values are not allowed here. Did you miss a colon earlier?
  - family:  MyFlutterApp fonts:
                               ^

```
#0      Scanner._fetchValue (package:yaml/src/scanner.dart:713)
#1      Scanner._fetchNextToken (package:yaml/src/scanner.dart:457)
#2      Scanner._fetchMoreTokens (package:yaml/src/scanner.dart:339)
#3      Scanner.peek (package:yaml/src/scanner.dart:317)
#4      Parser._parseBlockMappingKey (package:yaml/src/parser.dart:418)
#5      Parser._stateMachine (package:yaml/src/parser.dart:86)
#6      Parser.parse (package:yaml/src/parser.dart:47)
#7      Loader._loadMapping (package:yaml/src/loader.dart:171)
#8      Loader._loadNode (package:yaml/src/loader.dart:86)
#9      Loader._loadSequence (package:yaml/src/loader.dart:141)
#10     Loader._loadNode (package:yaml/src/loader.dart:84)
#11     Loader._loadMapping (package:yaml/src/loader.dart:165)
#12     Loader._loadNode (package:yaml/src/loader.dart:86)
#13     Loader._loadMapping (package:yaml/src/loader.dart:165)
#14     Loader._loadNode (package:yaml/src/loader.dart:86)
#15     Loader._loadDocument (package:yaml/src/loader.dart:62)
#16     Loader.load (package:yaml/src/loader.dart:54)
#17     loadYamlDocument (package:yaml/yaml.dart:51)
#18     loadYamlNode (package:yaml/yaml.dart:42)
#19     loadYaml (package:yaml/yaml.dart:34)
#20     _pluginFromPubspec (package:flutter_tools/src/plugins.dart:52)
#21     _findPlugins.<anonymous closure> (package:flutter_tools/src/plugins.dart:75)
#22     _HashVMBase&MapMixin&&_LinkedHashMapMixin.forEach (dart:collection-patch/dart:collection/compact_hash.dart:363)
#23     _findPlugins (package:flutter_tools/src/plugins.dart:73)
#24     injectPlugins (package:flutter_tools/src/plugins.dart:234)
#25     FlutterProject.ensureReadyForPlatformSpecificTooling (package:flutter_tools/src/project.dart:62)
#26     PackagesGetCommand.runCommand (package:flutter_tools/src/commands/packages.dart:85)
<asynchronous suspension>
#27     FlutterCommand.verifyThenRunCommand (package:flutter_tools/src/runner/flutter_command.dart:344)
<asynchronous suspension>
#28     FlutterCommand.run.<anonymous closure> (package:flutter_tools/src/runner/flutter_command.dart:279)
<asynchronous suspension>
#29     AppContext.run.<anonymous closure> (package:flutter_tools/src/base/context.dart:142)
<asynchronous suspension>
#30     _rootRun (dart:async/zone.dart:1126)
#31     _CustomZone.run (dart:async/zone.dart:1023)
#32     runZoned (dart:async/zone.dart:1501)
#33     AppContext.run (package:flutter_tools/src/base/context.dart:141)
<asynchronous suspension>
#34     FlutterCommand.run (package:flutter_tools/src/runner/flutter_command.dart:270)
#35     CommandRunner.runCommand (package:args/command_runner.dart:194)
<asynchronous suspension>
#36     FlutterCommandRunner.runCommand.<anonymous closure> (package:flutter_tools/src/runner/flutter_command_runner.dart:309)
<asynchronous suspension>
#37     AppContext.run.<anonymous closure> (package:flutter_tools/src/base/context.dart:142)
<asynchronous suspension>
#38     _rootRun (dart:async/zone.dart:1126)
#39     _CustomZone.run (dart:async/zone.dart:1023)
#40     runZoned (dart:async/zone.dart:1501)
#41     AppContext.run (package:flutter_tools/src/base/context.dart:141)
<asynchronous suspension>
#42     FlutterCommandRunner.runCommand (package:flutter_tools/src/runner/flutter_command_runner.dart:265)
<asynchronous suspension>
#43     CommandRunner.run.<anonymous closure> (package:args/command_runner.dart:109)
#44     new Future.sync (dart:async/future.dart:222)
#45     CommandRunner.run (package:args/command_runner.dart:109)
#46     FlutterCommandRunner.run (package:flutter_tools/src/runner/flutter_command_runner.dart:174)
#47     run.<anonymous closure> (package:flutter_tools/runner.dart:59)
<asynchronous suspension>
#48     AppContext.run.<anonymous closure> (package:flutter_tools/src/base/context.dart:142)
<asynchronous suspension>
#49     _rootRun (dart:async/zone.dart:1126)
#50     _CustomZone.run (dart:async/zone.dart:1023)
#51     runZoned (dart:async/zone.dart:1501)
#52     AppContext.run (package:flutter_tools/src/base/context.dart:141)
<asynchronous suspension>
#53     runInContext (package:flutter_tools/src/context_runner.dart:43)
<asynchronous suspension>
#54     run (package:flutter_tools/runner.dart:50)
#55     main (package:flutter_tools/executable.dart:49)
<asynchronous suspension>
#56     main (file:///C:/flutter/packages/flutter_tools/bin/flutter_tools.dart:8)
#57     _startIsolate.<anonymous closure> (dart:isolate-patch/dart:isolate/isolate_patch.dart:277)
#58     _RawReceivePortImpl._handleMessage (dart:isolate-patch/dart:isolate/isolate_patch.dart:165)
```

## flutter doctor

```
[✓] Flutter (Channel beta, v0.5.1, on Microsoft Windows [Version 10.0.17134.112], locale en-US)
    • Flutter version 0.5.1 at C:\flutter
    • Framework revision c7ea3ca377 (3 weeks ago), 2018-05-29 21:07:33 +0200
    • Engine revision 1ed25ca7b7
    • Dart version 2.0.0-dev.58.0.flutter-f981f09760

[!] Android toolchain - develop for Android devices (Android SDK 27.0.3)
    • Android SDK at D:\AndroidSDK
    • Android NDK location not configured (optional; useful for native profiling support)
    • Platform android-27, build-tools 27.0.3
    • ANDROID_HOME = D:\AndroidSDK
    • Java binary at: C:\Program Files\Android\Android Studio\jre\bin\java
    • Java version OpenJDK Runtime Environment (build 1.8.0_152-release-1024-b02)
    ! Some Android licenses not accepted.  To resolve this, run: flutter doctor --android-licenses

[✓] Android Studio (version 3.1)
    • Android Studio at C:\Program Files\Android\Android Studio
    • Flutter plugin version 24.2.1
    • Dart plugin version 173.4700
    • Java version OpenJDK Runtime Environment (build 1.8.0_152-release-1024-b02)

[!] IntelliJ IDEA Community Edition (version 2017.3)
    • IntelliJ at C:\Users\Amit Wani\AppData\Roaming\JetBrains\IntelliJ IDEA Community Edition 2017.3.4
    ✗ Flutter plugin not installed; this adds Flutter specific functionality.
    ✗ Dart plugin not installed; this adds Dart specific functionality.
    • For information about installing plugins, see
      https://flutter.io/intellij-setup/#installing-the-plugins

[✓] Connected devices (1 available)
    • SM G965F • 21d9773c610c7ece • android-arm64 • Android 8.0.0 (API 26) (emulator)

! Doctor found issues in 2 categories.
```
